<?xml version="1.0" encoding="UTF-8"?>
<testng-results ignored="0" total="3" passed="3" failed="0" skipped="0">
  <reporter-output>
  </reporter-output>
  <suite started-at="2024-07-11T13:13:05 IST" name="Suite" finished-at="2024-07-11T13:13:15 IST" duration-ms="10370">
    <groups>
    </groups>
    <test started-at="2024-07-11T13:13:05 IST" name="Chrometest" finished-at="2024-07-11T13:13:11 IST" duration-ms="6389">
      <class name="SingletonSelenium.Apptest">
        <test-method is-config="true" signature="setUp(java.lang.String)[pri:0, instance:SingletonSelenium.Apptest@54422e18]" started-at="2024-07-11T13:13:05 IST" name="setUp" finished-at="2024-07-11T13:13:08 IST" duration-ms="2818" status="PASS">
          <params>
            <param index="0">
              <value>
                <![CDATA[chrome]]>
              </value>
            </param>
          </params>
          <reporter-output>
          </reporter-output>
        </test-method> <!-- setUp -->
        <test-method signature="testGoogle()[pri:0, instance:SingletonSelenium.Apptest@54422e18]" started-at="2024-07-11T13:13:08 IST" name="testGoogle" finished-at="2024-07-11T13:13:11 IST" duration-ms="3168" status="PASS">
          <reporter-output>
          </reporter-output>
        </test-method> <!-- testGoogle -->
        <test-method is-config="true" signature="tearDown()[pri:0, instance:SingletonSelenium.Apptest@54422e18]" started-at="2024-07-11T13:13:11 IST" name="tearDown" finished-at="2024-07-11T13:13:11 IST" duration-ms="322" status="PASS">
          <reporter-output>
          </reporter-output>
        </test-method> <!-- tearDown -->
      </class> <!-- SingletonSelenium.Apptest -->
    </test> <!-- Chrometest -->
    <test started-at="2024-07-11T13:13:05 IST" name="EdgeTest" finished-at="2024-07-11T13:13:12 IST" duration-ms="7402">
      <class name="SingletonSelenium.Apptest">
        <test-method is-config="true" signature="setUp(java.lang.String)[pri:0, instance:SingletonSelenium.Apptest@6fa51cd4]" started-at="2024-07-11T13:13:05 IST" name="setUp" finished-at="2024-07-11T13:13:08 IST" duration-ms="2818" status="PASS">
          <params>
            <param index="0">
              <value>
                <![CDATA[edge]]>
              </value>
            </param>
          </params>
          <reporter-output>
          </reporter-output>
        </test-method> <!-- setUp -->
        <test-method signature="testGoogle()[pri:0, instance:SingletonSelenium.Apptest@6fa51cd4]" started-at="2024-07-11T13:13:08 IST" name="testGoogle" finished-at="2024-07-11T13:13:11 IST" duration-ms="3022" status="PASS">
          <reporter-output>
          </reporter-output>
        </test-method> <!-- testGoogle -->
        <test-method is-config="true" signature="tearDown()[pri:0, instance:SingletonSelenium.Apptest@6fa51cd4]" started-at="2024-07-11T13:13:11 IST" name="tearDown" finished-at="2024-07-11T13:13:12 IST" duration-ms="1475" status="PASS">
          <reporter-output>
          </reporter-output>
        </test-method> <!-- tearDown -->
      </class> <!-- SingletonSelenium.Apptest -->
    </test> <!-- EdgeTest -->
    <test started-at="2024-07-11T13:13:05 IST" name="Firefoxtest" finished-at="2024-07-11T13:13:15 IST" duration-ms="10370">
      <class name="SingletonSelenium.Apptest">
        <test-method is-config="true" signature="setUp(java.lang.String)[pri:0, instance:SingletonSelenium.Apptest@57a78e3]" started-at="2024-07-11T13:13:05 IST" name="setUp" finished-at="2024-07-11T13:13:12 IST" duration-ms="6970" status="PASS">
          <params>
            <param index="0">
              <value>
                <![CDATA[firefox]]>
              </value>
            </param>
          </params>
          <reporter-output>
          </reporter-output>
        </test-method> <!-- setUp -->
        <test-method signature="testGoogle()[pri:0, instance:SingletonSelenium.Apptest@57a78e3]" started-at="2024-07-11T13:13:12 IST" name="testGoogle" finished-at="2024-07-11T13:13:14 IST" duration-ms="1784" status="PASS">
          <reporter-output>
          </reporter-output>
        </test-method> <!-- testGoogle -->
        <test-method is-config="true" signature="tearDown()[pri:0, instance:SingletonSelenium.Apptest@57a78e3]" started-at="2024-07-11T13:13:14 IST" name="tearDown" finished-at="2024-07-11T13:13:15 IST" duration-ms="1552" status="PASS">
          <reporter-output>
          </reporter-output>
        </test-method> <!-- tearDown -->
      </class> <!-- SingletonSelenium.Apptest -->
    </test> <!-- Firefoxtest -->
  </suite> <!-- Suite -->
</testng-results>
